app/build/outputs/logs/manifest-merger-debug-report.txt
-- Merging decision tree log ---
manifest
ADDED from src\main\AndroidManifest.xml:1:1-104:13
INJECTED from src\main\AndroidManifest.xml:1:1-104:13
INJECTED from src\main\AndroidManifest.xml:1:1-104:13
INJECTED from src\main\AndroidManifest.xml:1:1-104:13
MERGED from [com.android.support:appcompat-v7:26.1.0] AndroidManifest.xml:17:1-31:12
MERGED from [com.android.support:animated-vector-drawable:26.1.0] AndroidManifest.xml:17:1-28:12
MERGED from [com.android.support:support-vector-drawable:26.1.0] AndroidManifest.xml:17:1-28:12
MERGED from [com.android.support:support-v4:26.1.0] AndroidManifest.xml:17:1-31:12
MERGED from [com.android.support:support-media-compat:26.1.0] AndroidManifest.xml:17:1-31:12
MERGED from [com.android.support:support-fragment:26.1.0] AndroidManifest.xml:17:1-31:12
MERGED from [com.android.support:support-core-utils:26.1.0] AndroidManifest.xml:17:1-31:12
MERGED from [com.android.support:support-core-ui:26.1.0] AndroidManifest.xml:17:1-31:12
MERGED from [com.android.support:support-compat:26.1.0] AndroidManifest.xml:17:1-31:12
MERGED from [android.arch.lifecycle:runtime:1.0.0] AndroidManifest.xml:17:1-30:12
INJECTED from src\main\AndroidManifest.xml:1:1-104:13
INJECTED from src\main\AndroidManifest.xml:1:1-104:13
INJECTED from src\main\AndroidManifest.xml:1:1-104:13
	package
		ADDED from src\main\AndroidManifest.xml:2:5-46
		INJECTED from src\main\AndroidManifest.xml
		INJECTED from src\main\AndroidManifest.xml
	android:versionName
		ADDED from src\main\AndroidManifest.xml:4:5-30
		INJECTED from src\main\AndroidManifest.xml
		INJECTED from src\main\AndroidManifest.xml
	xmlns:android
		ADDED from src\main\AndroidManifest.xml:1:11-69
	android:versionCode
		ADDED from src\main\AndroidManifest.xml:3:5-28
		INJECTED from src\main\AndroidManifest.xml
		INJECTED from src\main\AndroidManifest.xml
uses-sdk
ADDED from src\main\AndroidManifest.xml:6:5-8:41
INJECTED from src\main\AndroidManifest.xml:6:5-8:41
INJECTED from src\main\AndroidManifest.xml:6:5-8:41
MERGED from [com.android.support:appcompat-v7:26.1.0] AndroidManifest.xml:21:5-23:78
MERGED from [com.android.support:appcompat-v7:26.1.0] AndroidManifest.xml:21:5-23:78
MERGED from [com.android.support:animated-vector-drawable:26.1.0] AndroidManifest.xml:20:5-44
MERGED from [com.android.support:animated-vector-drawable:26.1.0] AndroidManifest.xml:20:5-44
MERGED from [com.android.support:support-vector-drawable:26.1.0] AndroidManifest.xml:20:5-44
MERGED from [com.android.support:support-vector-drawable:26.1.0] AndroidManifest.xml:20:5-44
MERGED from [com.android.support:support-v4:26.1.0] AndroidManifest.xml:21:5-23:54
MERGED from [com.android.support:support-v4:26.1.0] AndroidManifest.xml:21:5-23:54
MERGED from [com.android.support:support-media-compat:26.1.0] AndroidManifest.xml:21:5-23:63
MERGED from [com.android.support:support-media-compat:26.1.0] AndroidManifest.xml:21:5-23:63
MERGED from [com.android.support:support-fragment:26.1.0] AndroidManifest.xml:21:5-23:60
MERGED from [com.android.support:support-fragment:26.1.0] AndroidManifest.xml:21:5-23:60
MERGED from [com.android.support:support-core-utils:26.1.0] AndroidManifest.xml:21:5-23:61
MERGED from [com.android.support:support-core-utils:26.1.0] AndroidManifest.xml:21:5-23:61
MERGED from [com.android.support:support-core-ui:26.1.0] AndroidManifest.xml:21:5-23:58
MERGED from [com.android.support:support-core-ui:26.1.0] AndroidManifest.xml:21:5-23:58
MERGED from [com.android.support:support-compat:26.1.0] AndroidManifest.xml:21:5-23:58
MERGED from [com.android.support:support-compat:26.1.0] AndroidManifest.xml:21:5-23:58
MERGED from [android.arch.lifecycle:runtime:1.0.0] AndroidManifest.xml:20:5-22:41
MERGED from [android.arch.lifecycle:runtime:1.0.0] AndroidManifest.xml:20:5-22:41
INJECTED from src\main\AndroidManifest.xml:6:5-8:41
INJECTED from src\main\AndroidManifest.xml:6:5-8:41
	tools:overrideLibrary
		ADDED from [com.android.support:appcompat-v7:26.1.0] AndroidManifest.xml:23:9-75
	android:targetSdkVersion
		ADDED from src\main\AndroidManifest.xml:8:9-38
		INJECTED from src\main\AndroidManifest.xml
		INJECTED from src\main\AndroidManifest.xml
	android:minSdkVersion
		ADDED from src\main\AndroidManifest.xml:7:9-35
		INJECTED from src\main\AndroidManifest.xml
		INJECTED from src\main\AndroidManifest.xml
instrumentation
ADDED from src\main\AndroidManifest.xml:10:5-13:67
	android:label
		ADDED from src\main\AndroidManifest.xml:12:9-66
	android:targetPackage
		ADDED from src\main\AndroidManifest.xml:13:9-64
	android:name
		ADDED from src\main\AndroidManifest.xml:11:9-62
uses-permission#android.permission.RECORD_AUDIO
ADDED from src\main\AndroidManifest.xml:15:5-71
	android:name
		ADDED from src\main\AndroidManifest.xml:15:22-68
uses-permission#android.permission.ACCESS_NETWORK_STATE
ADDED from src\main\AndroidManifest.xml:16:5-79
	android:name
		ADDED from src\main\AndroidManifest.xml:16:22-76
uses-permission#android.permission.INTERNET
ADDED from src\main\AndroidManifest.xml:17:5-67
	android:name
		ADDED from src\main\AndroidManifest.xml:17:22-64
uses-permission#android.permission.READ_PHONE_STATE
ADDED from src\main\AndroidManifest.xml:18:5-75
	android:name
		ADDED from src\main\AndroidManifest.xml:18:22-72
uses-permission#android.permission.WRITE_EXTERNAL_STORAGE
ADDED from src\main\AndroidManifest.xml:19:5-81
	android:name
		ADDED from src\main\AndroidManifest.xml:19:22-78
application
ADDED from src\main\AndroidManifest.xml:21:5-103:20
MERGED from [com.android.support:appcompat-v7:26.1.0] AndroidManifest.xml:25:5-29:19
MERGED from [com.android.support:appcompat-v7:26.1.0] AndroidManifest.xml:25:5-29:19
MERGED from [com.android.support:animated-vector-drawable:26.1.0] AndroidManifest.xml:22:5-26:19
MERGED from [com.android.support:animated-vector-drawable:26.1.0] AndroidManifest.xml:22:5-26:19
MERGED from [com.android.support:support-vector-drawable:26.1.0] AndroidManifest.xml:22:5-26:19
MERGED from [com.android.support:support-vector-drawable:26.1.0] AndroidManifest.xml:22:5-26:19
MERGED from [com.android.support:support-v4:26.1.0] AndroidManifest.xml:25:5-29:19
MERGED from [com.android.support:support-v4:26.1.0] AndroidManifest.xml:25:5-29:19
MERGED from [com.android.support:support-media-compat:26.1.0] AndroidManifest.xml:25:5-29:19
MERGED from [com.android.support:support-media-compat:26.1.0] AndroidManifest.xml:25:5-29:19
MERGED from [com.android.support:support-fragment:26.1.0] AndroidManifest.xml:25:5-29:19
MERGED from [com.android.support:support-fragment:26.1.0] AndroidManifest.xml:25:5-29:19
MERGED from [com.android.support:support-core-utils:26.1.0] AndroidManifest.xml:25:5-29:19
MERGED from [com.android.support:support-core-utils:26.1.0] AndroidManifest.xml:25:5-29:19
MERGED from [com.android.support:support-core-ui:26.1.0] AndroidManifest.xml:25:5-29:19
MERGED from [com.android.support:support-core-ui:26.1.0] AndroidManifest.xml:25:5-29:19
MERGED from [com.android.support:support-compat:26.1.0] AndroidManifest.xml:25:5-29:19
MERGED from [com.android.support:support-compat:26.1.0] AndroidManifest.xml:25:5-29:19
MERGED from [android.arch.lifecycle:runtime:1.0.0] AndroidManifest.xml:24:5-28:19
MERGED from [android.arch.lifecycle:runtime:1.0.0] AndroidManifest.xml:24:5-28:19
	android:label
		ADDED from src\main\AndroidManifest.xml:23:9-41
	android:icon
		ADDED from src\main\AndroidManifest.xml:22:9-45
	android:theme
		ADDED from src\main\AndroidManifest.xml:24:9-40
	android:name
		ADDED from src\main\AndroidManifest.xml:25:9-84
meta-data#com.baidu.speech.APP_ID
ADDED from src\main\AndroidManifest.xml:43:9-45:41
	android:value
		ADDED from src\main\AndroidManifest.xml:45:14-38
	android:name
		ADDED from src\main\AndroidManifest.xml:44:14-52
meta-data#com.baidu.speech.API_KEY
ADDED from src\main\AndroidManifest.xml:46:10-48:57
	android:value
		ADDED from src\main\AndroidManifest.xml:48:14-54
	android:name
		ADDED from src\main\AndroidManifest.xml:47:14-53
meta-data#com.baidu.speech.SECRET_KEY
ADDED from src\main\AndroidManifest.xml:49:10-51:65
	android:value
		ADDED from src\main\AndroidManifest.xml:51:14-62
	android:name
		ADDED from src\main\AndroidManifest.xml:50:14-56
service#com.baidu.speech.VoiceRecognitionService
ADDED from src\main\AndroidManifest.xml:53:10-55:41
	android:exported
		ADDED from src\main\AndroidManifest.xml:55:14-38
	android:name
		ADDED from src\main\AndroidManifest.xml:54:14-69
activity#com.baidu.android.voicedemo.activity.ActivityUiDialog
ADDED from src\main\AndroidManifest.xml:56:10-66:21
	android:screenOrientation
		ADDED from src\main\AndroidManifest.xml:60:14-50
	android:label
		ADDED from src\main\AndroidManifest.xml:59:14-37
	android:configChanges
		ADDED from src\main\AndroidManifest.xml:58:14-77
	android:name
		ADDED from src\main\AndroidManifest.xml:57:14-82
intent-filter#android.intent.action.MAIN+android.intent.category.LAUNCHER+com.baidu.speech.recognizerdemo.intent.category.SAMPLE_CODE
ADDED from src\main\AndroidManifest.xml:61:14-65:30
category#android.intent.category.LAUNCHER
ADDED from src\main\AndroidManifest.xml:62:18-78
	android:name
		ADDED from src\main\AndroidManifest.xml:62:28-75
action#android.intent.action.MAIN
ADDED from src\main\AndroidManifest.xml:63:18-70
	android:name
		ADDED from src\main\AndroidManifest.xml:63:26-67
category#com.baidu.speech.recognizerdemo.intent.category.SAMPLE_CODE
ADDED from src\main\AndroidManifest.xml:64:18-105
	android:name
		ADDED from src\main\AndroidManifest.xml:64:28-102
activity#com.baidu.voicerecognition.android.ui.BaiduASRDigitalDialog
ADDED from src\main\AndroidManifest.xml:68:10-78:21
	android:screenOrientation
		ADDED from src\main\AndroidManifest.xml:73:14-50
	android:exported
		ADDED from src\main\AndroidManifest.xml:72:14-38
	android:configChanges
		ADDED from src\main\AndroidManifest.xml:70:14-77
	android:theme
		ADDED from src\main\AndroidManifest.xml:71:14-57
	android:name
		ADDED from src\main\AndroidManifest.xml:69:14-88
intent-filter#android.intent.category.DEFAULT+com.baidu.action.RECOGNIZE_SPEECH
ADDED from src\main\AndroidManifest.xml:74:14-77:30
action#com.baidu.action.RECOGNIZE_SPEECH
ADDED from src\main\AndroidManifest.xml:75:18-77
	android:name
		ADDED from src\main\AndroidManifest.xml:75:26-74
category#android.intent.category.DEFAULT
ADDED from src\main\AndroidManifest.xml:76:18-77
	android:name
		ADDED from src\main\AndroidManifest.xml:76:28-74
activity#com.baidu.android.voicedemo.activity.setting.OnlineSetting
ADDED from src\main\AndroidManifest.xml:79:10-84:62
	android:screenOrientation
		ADDED from src\main\AndroidManifest.xml:84:14-50
	android:label
		ADDED from src\main\AndroidManifest.xml:82:14-36
	android:configChanges
		ADDED from src\main\AndroidManifest.xml:81:14-77
	android:theme
		ADDED from src\main\AndroidManifest.xml:83:14-70
	android:name
		ADDED from src\main\AndroidManifest.xml:80:14-87
activity#com.baidu.android.voicedemo.activity.setting.OfflineSetting
ADDED from src\main\AndroidManifest.xml:85:10-90:62
	android:screenOrientation
		ADDED from src\main\AndroidManifest.xml:90:14-50
	android:label
		ADDED from src\main\AndroidManifest.xml:88:14-37
	android:configChanges
		ADDED from src\main\AndroidManifest.xml:87:14-77
	android:theme
		ADDED from src\main\AndroidManifest.xml:89:14-70
	android:name
		ADDED from src\main\AndroidManifest.xml:86:14-88
activity#com.baidu.android.voicedemo.activity.setting.NluSetting
ADDED from src\main\AndroidManifest.xml:91:10-96:62
	android:screenOrientation
		ADDED from src\main\AndroidManifest.xml:96:14-50
	android:label
		ADDED from src\main\AndroidManifest.xml:94:14-34
	android:configChanges
		ADDED from src\main\AndroidManifest.xml:93:14-77
	android:theme
		ADDED from src\main\AndroidManifest.xml:95:14-70
	android:name
		ADDED from src\main\AndroidManifest.xml:92:14-84
activity#com.baidu.android.voicedemo.activity.setting.AllSetting
ADDED from src\main\AndroidManifest.xml:97:10-102:62
	android:screenOrientation
		ADDED from src\main\AndroidManifest.xml:102:14-50
	android:label
		ADDED from src\main\AndroidManifest.xml:100:14-36
	android:configChanges
		ADDED from src\main\AndroidManifest.xml:99:14-77
	android:theme
		ADDED from src\main\AndroidManifest.xml:101:14-70
	android:name
		ADDED from src\main\AndroidManifest.xml:98:14-84
meta-data#android.support.VERSION
ADDED from [com.android.support:appcompat-v7:26.1.0] AndroidManifest.xml:26:9-28:38
MERGED from [com.android.support:animated-vector-drawable:26.1.0] AndroidManifest.xml:23:9-25:38
MERGED from [com.android.support:animated-vector-drawable:26.1.0] AndroidManifest.xml:23:9-25:38
MERGED from [com.android.support:support-vector-drawable:26.1.0] AndroidManifest.xml:23:9-25:38
MERGED from [com.android.support:support-vector-drawable:26.1.0] AndroidManifest.xml:23:9-25:38
MERGED from [com.android.support:support-v4:26.1.0] AndroidManifest.xml:26:9-28:38
MERGED from [com.android.support:support-v4:26.1.0] AndroidManifest.xml:26:9-28:38
MERGED from [com.android.support:support-media-compat:26.1.0] AndroidManifest.xml:26:9-28:38
MERGED from [com.android.support:support-media-compat:26.1.0] AndroidManifest.xml:26:9-28:38
MERGED from [com.android.support:support-fragment:26.1.0] AndroidManifest.xml:26:9-28:38
MERGED from [com.android.support:support-fragment:26.1.0] AndroidManifest.xml:26:9-28:38
MERGED from [com.android.support:support-core-utils:26.1.0] AndroidManifest.xml:26:9-28:38
MERGED from [com.android.support:support-core-utils:26.1.0] AndroidManifest.xml:26:9-28:38
MERGED from [com.android.support:support-core-ui:26.1.0] AndroidManifest.xml:26:9-28:38
MERGED from [com.android.support:support-core-ui:26.1.0] AndroidManifest.xml:26:9-28:38
MERGED from [com.android.support:support-compat:26.1.0] AndroidManifest.xml:26:9-28:38
MERGED from [com.android.support:support-compat:26.1.0] AndroidManifest.xml:26:9-28:38
	android:value
		ADDED from [com.android.support:appcompat-v7:26.1.0] AndroidManifest.xml:28:13-35
	android:name
		ADDED from [com.android.support:appcompat-v7:26.1.0] AndroidManifest.xml:27:13-51
meta-data#android.arch.lifecycle.VERSION
ADDED from [android.arch.lifecycle:runtime:1.0.0] AndroidManifest.xml:25:9-27:47
	android:value
		ADDED from [android.arch.lifecycle:runtime:1.0.0] AndroidManifest.xml:27:13-44
	android:name
		ADDED from [android.arch.lifecycle:runtime:1.0.0] AndroidManifest.xml:26:13-58